LOG 2026/03/25
Save Path: C:\Users\Administrator\video-manager\Logs
Task Start: 2026/03/25 19:54:56
Task CommandLine: N_m3u8DL-RE.exe https://t26.cdn2020.com/video/m3u8/2024/02/12/34c1cd47/index.m3u8 --save-dir E:\整理 --save-name 美少女 --auto-select --del-after-done -H "User-Agent: Mozilla/5.0 (Windows NT 10.0; Win64; x64) AppleWebKit/537.36"

19:54:56.511 INFO : N_m3u8DL-RE (Beta version) 20251029
19:54:56.511 EXTRA: ffmpeg => E:\下载\ffmpeg-2025-10-21-git-535d4047d3-essentials_build\ffmpeg-2025-10-21-git-535d4047d3-essentials_build\bin\ffmpeg.exe
19:54:56.511 EXTRA: User-Defined Header => user-agent: Mozilla/5.0 (Windows NT 10.0; Win64; x64) AppleWebKit/537.36
19:54:56.511 INFO : 加载URL: https://t26.cdn2020.com/video/m3u8/2024/02/12/34c1cd47/index.m3u8
19:54:57.964 INFO : 内容匹配: HTTP Live Streaming
19:54:57.964 INFO : 正在解析媒体信息...
19:54:57.968 WARN : 写出meta json
19:54:57.968 INFO : 已解析, 共计 1 条媒体流, 基本流 1 条, 可选音频流 0 条, 可选字幕流 0 条
19:54:57.968 INFO : Vid Kbps | 127 Segments | ~18m03s
19:54:57.969 INFO : 已选择的流:
19:54:57.969 INFO : Vid Kbps | 127 Segments | ~18m03s
19:54:57.969 WARN : 写出meta json
19:54:57.969 INFO : 保存文件名: 美少女
19:54:57.975 INFO : 开始下载...Vid Kbps
19:55:12.230 WARN : 读取媒体信息...
19:55:12.249 INFO : [0x100]: Video, h264 (High) ([27][0][0][0]), 1280x720, 24 fps
19:55:12.249 INFO : [0x101]: Audio, aac (LC) ([15][0][0][0]), 131 kb/s
19:57:15.563 INFO : 调用ffmpeg合并中...
19:57:15.586 WARN : [mpegts @ 000002bfcded5140] Packet corrupt (stream = 0, dts = 932250).
19:57:15.586 WARN : [in#0/mpegts @ 000002bfcded4c80] corrupt input packet in stream 0
19:57:15.586 WARN : [mpegts @ 000002bfcded5140] Packet corrupt (stream = 0, dts = 1161000).
19:57:15.587 WARN : [in#0/mpegts @ 000002bfcded4c80] corrupt input packet in stream 0
19:57:15.588 WARN : [mpegts @ 000002bfcded5140] Packet corrupt (stream = 0, dts = 1922250).
19:57:15.588 WARN : [in#0/mpegts @ 000002bfcded4c80] corrupt input packet in stream 0
19:57:15.590 WARN : [mpegts @ 000002bfcded5140] Packet corrupt (stream = 0, dts = 2822250).
19:57:15.590 WARN : [in#0/mpegts @ 000002bfcded4c80] corrupt input packet in stream 0
19:57:15.591 WARN : [mpegts @ 000002bfcded5140] Packet corrupt (stream = 0, dts = 3542250).
19:57:15.591 WARN : [in#0/mpegts @ 000002bfcded4c80] corrupt input packet in stream 0
19:57:15.594 WARN : [mpegts @ 000002bfcded5140] Packet corrupt (stream = 0, dts = 5042250).
19:57:15.594 WARN : [in#0/mpegts @ 000002bfcded4c80] corrupt input packet in stream 0
19:57:15.596 WARN : [mpegts @ 000002bfcded5140] Packet corrupt (stream = 0, dts = 5942250).
19:57:15.596 WARN : [in#0/mpegts @ 000002bfcded4c80] corrupt input packet in stream 0
19:57:15.598 WARN : [mpegts @ 000002bfcded5140] Packet corrupt (stream = 0, dts = 6842250).
19:57:15.598 WARN : [in#0/mpegts @ 000002bfcded4c80] corrupt input packet in stream 0
19:57:15.599 WARN : [mpegts @ 000002bfcded5140] Packet corrupt (stream = 0, dts = 7742250).
19:57:15.600 WARN : [in#0/mpegts @ 000002bfcded4c80] corrupt input packet in stream 0
19:57:15.601 WARN : [mpegts @ 000002bfcded5140] Packet corrupt (stream = 0, dts = 8642250).
19:57:15.601 WARN : [in#0/mpegts @ 000002bfcded4c80] corrupt input packet in stream 0
19:57:15.602 WARN : [mpegts @ 000002bfcded5140] Packet corrupt (stream = 0, dts = 8976000).
19:57:15.602 WARN : [in#0/mpegts @ 000002bfcded4c80] corrupt input packet in stream 0
19:57:15.604 WARN : [mpegts @ 000002bfcded5140] Packet corrupt (stream = 0, dts = 9752250).
19:57:15.604 WARN : [in#0/mpegts @ 000002bfcded4c80] corrupt input packet in stream 0
19:57:15.605 WARN : [mpegts @ 000002bfcded5140] Packet corrupt (stream = 0, dts = 10562250).
19:57:15.606 WARN : [in#0/mpegts @ 000002bfcded4c80] corrupt input packet in stream 0
19:57:15.607 WARN : [mpegts @ 000002bfcded5140] Packet corrupt (stream = 0, dts = 11282250).
19:57:15.607 WARN : [in#0/mpegts @ 000002bfcded4c80] corrupt input packet in stream 0
19:57:15.609 WARN : [mpegts @ 000002bfcded5140] Packet corrupt (stream = 0, dts = 12092250).
19:57:15.609 WARN : [in#0/mpegts @ 000002bfcded4c80] corrupt input packet in stream 0
19:57:15.609 WARN : [mpegts @ 000002bfcded5140] Packet corrupt (stream = 0, dts = 12459750).
19:57:15.610 WARN : [in#0/mpegts @ 000002bfcded4c80] corrupt input packet in stream 0
19:57:15.611 WARN : [mpegts @ 000002bfcded5140] Packet corrupt (stream = 0, dts = 13359750).
19:57:15.611 WARN : [in#0/mpegts @ 000002bfcded4c80] corrupt input packet in stream 0
19:57:15.613 WARN : [mpegts @ 000002bfcded5140] Packet corrupt (stream = 0, dts = 14252250).
19:57:15.613 WARN : [in#0/mpegts @ 000002bfcded4c80] corrupt input packet in stream 0
19:57:15.615 WARN : [mpegts @ 000002bfcded5140] Packet corrupt (stream = 0, dts = 15152250).
19:57:15.615 WARN : [in#0/mpegts @ 000002bfcded4c80] corrupt input packet in stream 0
19:57:15.617 WARN : [mpegts @ 000002bfcded5140] Packet corrupt (stream = 0, dts = 16052250).
19:57:15.617 WARN : [in#0/mpegts @ 000002bfcded4c80] corrupt input packet in stream 0
19:57:15.618 WARN : [mpegts @ 000002bfcded5140] Packet corrupt (stream = 0, dts = 16374750).
19:57:15.618 WARN : [in#0/mpegts @ 000002bfcded4c80] corrupt input packet in stream 0
19:57:15.619 WARN : [mpegts @ 000002bfcded5140] Packet corrupt (stream = 0, dts = 17274750).
19:57:15.620 WARN : [in#0/mpegts @ 000002bfcded4c80] corrupt input packet in stream 0
19:57:15.622 WARN : [mpegts @ 000002bfcded5140] Packet corrupt (stream = 0, dts = 18122250).
19:57:15.622 WARN : [in#0/mpegts @ 000002bfcded4c80] corrupt input packet in stream 0
19:57:15.623 WARN : [mpegts @ 000002bfcded5140] Packet corrupt (stream = 0, dts = 18842250).
19:57:15.623 WARN : [in#0/mpegts @ 000002bfcded4c80] corrupt input packet in stream 0
19:57:15.625 WARN : [mpegts @ 000002bfcded5140] Packet corrupt (stream = 0, dts = 19494750).
19:57:15.625 WARN : [in#0/mpegts @ 000002bfcded4c80] corrupt input packet in stream 0
19:57:15.626 WARN : [mpegts @ 000002bfcded5140] Packet corrupt (stream = 0, dts = 19903500).
19:57:15.626 WARN : [in#0/mpegts @ 000002bfcded4c80] corrupt input packet in stream 0
19:57:15.628 WARN : [mpegts @ 000002bfcded5140] Packet corrupt (stream = 0, dts = 21362250).
19:57:15.629 WARN : [in#0/mpegts @ 000002bfcded4c80] corrupt input packet in stream 0
19:57:15.630 WARN : [mpegts @ 000002bfcded5140] Packet corrupt (stream = 0, dts = 21992250).
19:57:15.630 WARN : [in#0/mpegts @ 000002bfcded4c80] corrupt input packet in stream 0
19:57:15.632 WARN : [mpegts @ 000002bfcded5140] Packet corrupt (stream = 0, dts = 22712250).
19:57:15.632 WARN : [in#0/mpegts @ 000002bfcded4c80] corrupt input packet in stream 0
19:57:15.634 WARN : [mpegts @ 000002bfcded5140] Packet corrupt (stream = 0, dts = 23612250).
19:57:15.634 WARN : [in#0/mpegts @ 000002bfcded4c80] corrupt input packet in stream 0
19:57:15.635 WARN : [mpegts @ 000002bfcded5140] Packet corrupt (stream = 0, dts = 24332250).
19:57:15.635 WARN : [in#0/mpegts @ 000002bfcded4c80] corrupt input packet in stream 0
19:57:15.636 WARN : [mpegts @ 000002bfcded5140] Packet corrupt (stream = 0, dts = 24527250).
19:57:15.636 WARN : [in#0/mpegts @ 000002bfcded4c80] corrupt input packet in stream 0
19:57:15.638 WARN : [mpegts @ 000002bfcded5140] Packet corrupt (stream = 0, dts = 25412250).
19:57:15.638 WARN : [in#0/mpegts @ 000002bfcded4c80] corrupt input packet in stream 0
19:57:15.639 WARN : [mpegts @ 000002bfcded5140] Packet corrupt (stream = 0, dts = 26132250).
19:57:15.640 WARN : [in#0/mpegts @ 000002bfcded4c80] corrupt input packet in stream 0
19:57:15.642 WARN : [mpegts @ 000002bfcded5140] Packet corrupt (stream = 0, dts = 27032250).
19:57:15.642 WARN : [in#0/mpegts @ 000002bfcded4c80] corrupt input packet in stream 0
19:57:15.644 WARN : [mpegts @ 000002bfcded5140] Packet corrupt (stream = 0, dts = 27932250).
19:57:15.644 WARN : [in#0/mpegts @ 000002bfcded4c80] corrupt input packet in stream 0
19:57:15.646 WARN : [mpegts @ 000002bfcded5140] Packet corrupt (stream = 0, dts = 28828500).
19:57:15.646 WARN : [in#0/mpegts @ 000002bfcded4c80] corrupt input packet in stream 0
19:57:15.647 WARN : [mpegts @ 000002bfcded5140] Packet corrupt (stream = 0, dts = 29282250).
19:57:15.647 WARN : [in#0/mpegts @ 000002bfcded4c80] corrupt input packet in stream 0
19:57:15.649 WARN : [mpegts @ 000002bfcded5140] Packet corrupt (stream = 0, dts = 30002250).
19:57:15.649 WARN : [in#0/mpegts @ 000002bfcded4c80] corrupt input packet in stream 0
19:57:15.651 WARN : [mpegts @ 000002bfcded5140] Packet corrupt (stream = 0, dts = 30902250).
19:57:15.651 WARN : [in#0/mpegts @ 000002bfcded4c80] corrupt input packet in stream 0
19:57:15.655 WARN : [mpegts @ 000002bfcded5140] Packet corrupt (stream = 0, dts = 32702250).
19:57:15.655 WARN : [in#0/mpegts @ 000002bfcded4c80] corrupt input packet in stream 0
19:57:15.656 WARN : [mpegts @ 000002bfcded5140] Packet corrupt (stream = 0, dts = 33422250).
19:57:15.657 WARN : [in#0/mpegts @ 000002bfcded4c80] corrupt input packet in stream 0
19:57:15.658 WARN : [mpegts @ 000002bfcded5140] Packet corrupt (stream = 0, dts = 34142250).
19:57:15.658 WARN : [in#0/mpegts @ 000002bfcded4c80] corrupt input packet in stream 0
19:57:15.660 WARN : [mpegts @ 000002bfcded5140] Packet corrupt (stream = 0, dts = 34862250).
19:57:15.660 WARN : [in#0/mpegts @ 000002bfcded4c80] corrupt input packet in stream 0
19:57:15.662 WARN : [mpegts @ 000002bfcded5140] Packet corrupt (stream = 0, dts = 35672250).
19:57:15.662 WARN : [in#0/mpegts @ 000002bfcded4c80] corrupt input packet in stream 0
19:57:15.663 WARN : [mpegts @ 000002bfcded5140] Packet corrupt (stream = 0, dts = 36482250).
19:57:15.664 WARN : [in#0/mpegts @ 000002bfcded4c80] corrupt input packet in stream 0
19:57:15.665 WARN : [mpegts @ 000002bfcded5140] Packet corrupt (stream = 0, dts = 37382250).
19:57:15.665 WARN : [in#0/mpegts @ 000002bfcded4c80] corrupt input packet in stream 0
19:57:15.667 WARN : [mpegts @ 000002bfcded5140] Packet corrupt (stream = 0, dts = 38282250).
19:57:15.667 WARN : [in#0/mpegts @ 000002bfcded4c80] corrupt input packet in stream 0
19:57:15.669 WARN : [mpegts @ 000002bfcded5140] Packet corrupt (stream = 0, dts = 39002250).
19:57:15.669 WARN : [in#0/mpegts @ 000002bfcded4c80] corrupt input packet in stream 0
19:57:15.672 WARN : [mpegts @ 000002bfcded5140] Packet corrupt (stream = 0, dts = 40802250).
19:57:15.672 WARN : [in#0/mpegts @ 000002bfcded4c80] corrupt input packet in stream 0
19:57:15.674 WARN : [mpegts @ 000002bfcded5140] Packet corrupt (stream = 0, dts = 41612250).
19:57:15.674 WARN : [in#0/mpegts @ 000002bfcded4c80] corrupt input packet in stream 0
19:57:15.676 WARN : [mpegts @ 000002bfcded5140] Packet corrupt (stream = 0, dts = 42512250).
19:57:15.676 WARN : [in#0/mpegts @ 000002bfcded4c80] corrupt input packet in stream 0
19:57:15.678 WARN : [mpegts @ 000002bfcded5140] Packet corrupt (stream = 0, dts = 43322250).
19:57:15.678 WARN : [in#0/mpegts @ 000002bfcded4c80] corrupt input packet in stream 0
19:57:15.679 WARN : [mpegts @ 000002bfcded5140] Packet corrupt (stream = 0, dts = 44042250).
19:57:15.680 WARN : [in#0/mpegts @ 000002bfcded4c80] corrupt input packet in stream 0
19:57:15.680 WARN : [mpegts @ 000002bfcded5140] Packet corrupt (stream = 0, dts = 44563500).
19:57:15.681 WARN : [in#0/mpegts @ 000002bfcded4c80] corrupt input packet in stream 0
19:57:15.682 WARN : [mpegts @ 000002bfcded5140] Packet corrupt (stream = 0, dts = 45392250).
19:57:15.683 WARN : [in#0/mpegts @ 000002bfcded4c80] corrupt input packet in stream 0
19:57:15.684 WARN : [mpegts @ 000002bfcded5140] Packet corrupt (stream = 0, dts = 46292250).
19:57:15.684 WARN : [in#0/mpegts @ 000002bfcded4c80] corrupt input packet in stream 0
19:57:15.686 WARN : [mpegts @ 000002bfcded5140] Packet corrupt (stream = 0, dts = 47192250).
19:57:15.686 WARN : [in#0/mpegts @ 000002bfcded4c80] corrupt input packet in stream 0
19:57:15.690 WARN : [mpegts @ 000002bfcded5140] Packet corrupt (stream = 0, dts = 48902250).
19:57:15.690 WARN : [in#0/mpegts @ 000002bfcded4c80] corrupt input packet in stream 0
19:57:15.692 WARN : [mpegts @ 000002bfcded5140] Packet corrupt (stream = 0, dts = 49712250).
19:57:15.692 WARN : [in#0/mpegts @ 000002bfcded4c80] corrupt input packet in stream 0
19:57:15.694 WARN : [mpegts @ 000002bfcded5140] Packet corrupt (stream = 0, dts = 50522250).
19:57:15.694 WARN : [in#0/mpegts @ 000002bfcded4c80] corrupt input packet in stream 0
19:57:15.696 WARN : [mpegts @ 000002bfcded5140] Packet corrupt (stream = 0, dts = 51422250).
19:57:15.696 WARN : [in#0/mpegts @ 000002bfcded4c80] corrupt input packet in stream 0
19:57:15.699 WARN : [mpegts @ 000002bfcded5140] Packet corrupt (stream = 0, dts = 53042250).
19:57:15.699 WARN : [in#0/mpegts @ 000002bfcded4c80] corrupt input packet in stream 0
19:57:15.701 WARN : [mpegts @ 000002bfcded5140] Packet corrupt (stream = 0, dts = 53548500).
19:57:15.701 WARN : [in#0/mpegts @ 000002bfcded4c80] corrupt input packet in stream 0
19:57:15.702 WARN : [mpegts @ 000002bfcded5140] Packet corrupt (stream = 0, dts = 54122250).
19:57:15.703 WARN : [in#0/mpegts @ 000002bfcded4c80] corrupt input packet in stream 0
19:57:15.704 WARN : [mpegts @ 000002bfcded5140] Packet corrupt (stream = 0, dts = 55018500).
19:57:15.705 WARN : [in#0/mpegts @ 000002bfcded4c80] corrupt input packet in stream 0
19:57:15.707 WARN : [mpegts @ 000002bfcded5140] Packet corrupt (stream = 0, dts = 55918500).
19:57:15.708 WARN : [in#0/mpegts @ 000002bfcded4c80] corrupt input packet in stream 0
19:57:15.709 WARN : [mpegts @ 000002bfcded5140] Packet corrupt (stream = 0, dts = 56552250).
19:57:15.709 WARN : [in#0/mpegts @ 000002bfcded4c80] corrupt input packet in stream 0
19:57:15.714 WARN : [mpegts @ 000002bfcded5140] Packet corrupt (stream = 0, dts = 58341000).
19:57:15.714 WARN : [in#0/mpegts @ 000002bfcded4c80] corrupt input packet in stream 0
19:57:15.715 WARN : [mpegts @ 000002bfcded5140] Packet corrupt (stream = 0, dts = 58892250).
19:57:15.715 WARN : [in#0/mpegts @ 000002bfcded4c80] corrupt input packet in stream 0
19:57:15.718 WARN : [mpegts @ 000002bfcded5140] Packet corrupt (stream = 0, dts = 59788500).
19:57:15.718 WARN : [in#0/mpegts @ 000002bfcded4c80] corrupt input packet in stream 0
19:57:15.720 WARN : [mpegts @ 000002bfcded5140] Packet corrupt (stream = 0, dts = 60688500).
19:57:15.720 WARN : [in#0/mpegts @ 000002bfcded4c80] corrupt input packet in stream 0
19:57:15.723 WARN : [mpegts @ 000002bfcded5140] Packet corrupt (stream = 0, dts = 61588500).
19:57:15.723 WARN : [in#0/mpegts @ 000002bfcded4c80] corrupt input packet in stream 0
19:57:15.725 WARN : [mpegts @ 000002bfcded5140] Packet corrupt (stream = 0, dts = 62488500).
19:57:15.725 WARN : [in#0/mpegts @ 000002bfcded4c80] corrupt input packet in stream 0
19:57:15.726 WARN : [mpegts @ 000002bfcded5140] Packet corrupt (stream = 0, dts = 62762250).
19:57:15.726 WARN : [in#0/mpegts @ 000002bfcded4c80] corrupt input packet in stream 0
19:57:15.728 WARN : [mpegts @ 000002bfcded5140] Packet corrupt (stream = 0, dts = 63392250).
19:57:15.728 WARN : [in#0/mpegts @ 000002bfcded4c80] corrupt input packet in stream 0
19:57:15.730 WARN : [mpegts @ 000002bfcded5140] Packet corrupt (stream = 0, dts = 64292250).
19:57:15.730 WARN : [in#0/mpegts @ 000002bfcded4c80] corrupt input packet in stream 0
19:57:15.732 WARN : [mpegts @ 000002bfcded5140] Packet corrupt (stream = 0, dts = 65102250).
19:57:15.732 WARN : [in#0/mpegts @ 000002bfcded4c80] corrupt input packet in stream 0
19:57:15.734 WARN : [mpegts @ 000002bfcded5140] Packet corrupt (stream = 0, dts = 65646000).
19:57:15.734 WARN : [in#0/mpegts @ 000002bfcded4c80] corrupt input packet in stream 0
19:57:15.735 WARN : [mpegts @ 000002bfcded5140] Packet corrupt (stream = 0, dts = 66546000).
19:57:15.736 WARN : [in#0/mpegts @ 000002bfcded4c80] corrupt input packet in stream 0
19:57:15.738 WARN : [mpegts @ 000002bfcded5140] Packet corrupt (stream = 0, dts = 67442250).
19:57:15.738 WARN : [in#0/mpegts @ 000002bfcded4c80] corrupt input packet in stream 0
19:57:15.740 WARN : [mpegts @ 000002bfcded5140] Packet corrupt (stream = 0, dts = 68342250).
19:57:15.740 WARN : [in#0/mpegts @ 000002bfcded4c80] corrupt input packet in stream 0
19:57:15.742 WARN : [mpegts @ 000002bfcded5140] Packet corrupt (stream = 0, dts = 69242250).
19:57:15.742 WARN : [in#0/mpegts @ 000002bfcded4c80] corrupt input packet in stream 0
19:57:15.744 WARN : [mpegts @ 000002bfcded5140] Packet corrupt (stream = 0, dts = 70052250).
19:57:15.744 WARN : [in#0/mpegts @ 000002bfcded4c80] corrupt input packet in stream 0
19:57:15.747 WARN : [mpegts @ 000002bfcded5140] Packet corrupt (stream = 0, dts = 70952250).
19:57:15.747 WARN : [in#0/mpegts @ 000002bfcded4c80] corrupt input packet in stream 0
19:57:15.750 WARN : [mpegts @ 000002bfcded5140] Packet corrupt (stream = 0, dts = 72752250).
19:57:15.750 WARN : [in#0/mpegts @ 000002bfcded4c80] corrupt input packet in stream 0
19:57:15.753 WARN : [mpegts @ 000002bfcded5140] Packet corrupt (stream = 0, dts = 73562250).
19:57:15.753 WARN : [in#0/mpegts @ 000002bfcded4c80] corrupt input packet in stream 0
19:57:15.754 WARN : [mpegts @ 000002bfcded5140] Packet corrupt (stream = 0, dts = 74462250).
19:57:15.755 WARN : [in#0/mpegts @ 000002bfcded4c80] corrupt input packet in stream 0
19:57:15.757 WARN : [mpegts @ 000002bfcded5140] Packet corrupt (stream = 0, dts = 75362250).
19:57:15.757 WARN : [in#0/mpegts @ 000002bfcded4c80] corrupt input packet in stream 0
19:57:15.759 WARN : [mpegts @ 000002bfcded5140] Packet corrupt (stream = 0, dts = 76262250).
19:57:15.759 WARN : [in#0/mpegts @ 000002bfcded4c80] corrupt input packet in stream 0
19:57:15.762 WARN : [mpegts @ 000002bfcded5140] Packet corrupt (stream = 0, dts = 77162250).
19:57:15.762 WARN : [in#0/mpegts @ 000002bfcded4c80] corrupt input packet in stream 0
19:57:15.763 WARN : [mpegts @ 000002bfcded5140] Packet corrupt (stream = 0, dts = 77844750).
19:57:15.764 WARN : [in#0/mpegts @ 000002bfcded4c80] corrupt input packet in stream 0
19:57:15.765 WARN : [mpegts @ 000002bfcded5140] Packet corrupt (stream = 0, dts = 78744750).
19:57:15.765 WARN : [in#0/mpegts @ 000002bfcded4c80] corrupt input packet in stream 0
19:57:15.768 WARN : [mpegts @ 000002bfcded5140] Packet corrupt (stream = 0, dts = 79644750).
19:57:15.768 WARN : [in#0/mpegts @ 000002bfcded4c80] corrupt input packet in stream 0
19:57:15.770 WARN : [mpegts @ 000002bfcded5140] Packet corrupt (stream = 0, dts = 80544750).
19:57:15.770 WARN : [in#0/mpegts @ 000002bfcded4c80] corrupt input packet in stream 0
19:57:15.772 WARN : [mpegts @ 000002bfcded5140] Packet corrupt (stream = 0, dts = 81302250).
19:57:15.772 WARN : [in#0/mpegts @ 000002bfcded4c80] corrupt input packet in stream 0
19:57:15.774 WARN : [mpegts @ 000002bfcded5140] Packet corrupt (stream = 0, dts = 82202250).
19:57:15.774 WARN : [in#0/mpegts @ 000002bfcded4c80] corrupt input packet in stream 0
19:57:15.777 WARN : [mpegts @ 000002bfcded5140] Packet corrupt (stream = 0, dts = 83102250).
19:57:15.777 WARN : [in#0/mpegts @ 000002bfcded4c80] corrupt input packet in stream 0
19:57:15.778 WARN : [mpegts @ 000002bfcded5140] Packet corrupt (stream = 0, dts = 83822250).
19:57:15.778 WARN : [in#0/mpegts @ 000002bfcded4c80] corrupt input packet in stream 0
19:57:15.781 WARN : [mpegts @ 000002bfcded5140] Packet corrupt (stream = 0, dts = 84722250).
19:57:15.781 WARN : [in#0/mpegts @ 000002bfcded4c80] corrupt input packet in stream 0
19:57:15.782 WARN : [mpegts @ 000002bfcded5140] Packet corrupt (stream = 0, dts = 85232250).
19:57:15.782 WARN : [in#0/mpegts @ 000002bfcded4c80] corrupt input packet in stream 0
19:57:15.783 WARN : [mpegts @ 000002bfcded5140] Packet corrupt (stream = 0, dts = 86128500).
19:57:15.784 WARN : [in#0/mpegts @ 000002bfcded4c80] corrupt input packet in stream 0
19:57:15.786 WARN : [mpegts @ 000002bfcded5140] Packet corrupt (stream = 0, dts = 87024750).
19:57:15.786 WARN : [in#0/mpegts @ 000002bfcded4c80] corrupt input packet in stream 0
19:57:15.787 WARN : [mpegts @ 000002bfcded5140] Packet corrupt (stream = 0, dts = 87583500).
19:57:15.787 WARN : [in#0/mpegts @ 000002bfcded4c80] corrupt input packet in stream 0
19:57:15.788 WARN : [mpegts @ 000002bfcded5140] Packet corrupt (stream = 0, dts = 88183500).
19:57:15.789 WARN : [in#0/mpegts @ 000002bfcded4c80] corrupt input packet in stream 0
19:57:15.792 WARN : [mpegts @ 000002bfcded5140] Packet corrupt (stream = 0, dts = 89083500).
19:57:15.792 WARN : [in#0/mpegts @ 000002bfcded4c80] corrupt input packet in stream 0
19:57:15.793 WARN : [mpegts @ 000002bfcded5140] Packet corrupt (stream = 0, dts = 89492250).
19:57:15.793 WARN : [in#0/mpegts @ 000002bfcded4c80] corrupt input packet in stream 0
19:57:15.795 WARN : [mpegts @ 000002bfcded5140] Packet corrupt (stream = 0, dts = 90392250).
19:57:15.795 WARN : [in#0/mpegts @ 000002bfcded4c80] corrupt input packet in stream 0
19:57:15.797 WARN : [mpegts @ 000002bfcded5140] Packet corrupt (stream = 0, dts = 91288500).
19:57:15.797 WARN : [in#0/mpegts @ 000002bfcded4c80] corrupt input packet in stream 0
19:57:15.797 WARN : [mpegts @ 000002bfcded5140] Packet corrupt (stream = 0, dts = 91431000).
19:57:15.798 WARN : [in#0/mpegts @ 000002bfcded4c80] corrupt input packet in stream 0
19:57:15.800 WARN : [mpegts @ 000002bfcded5140] Packet corrupt (stream = 0, dts = 92331000).
19:57:15.800 WARN : [in#0/mpegts @ 000002bfcded4c80] corrupt input packet in stream 0
19:57:15.801 WARN : [mpegts @ 000002bfcded5140] Packet corrupt (stream = 0, dts = 92912250).
19:57:15.802 WARN : [in#0/mpegts @ 000002bfcded4c80] corrupt input packet in stream 0
19:57:15.803 WARN : [mpegts @ 000002bfcded5140] Packet corrupt (stream = 0, dts = 93812250).
19:57:15.803 WARN : [in#0/mpegts @ 000002bfcded4c80] corrupt input packet in stream 0
19:57:15.806 WARN : [mpegts @ 000002bfcded5140] Packet corrupt (stream = 0, dts = 94708500).
19:57:15.806 WARN : [in#0/mpegts @ 000002bfcded4c80] corrupt input packet in stream 0
19:57:15.807 WARN : [mpegts @ 000002bfcded5140] Packet corrupt (stream = 0, dts = 95162250).
19:57:15.807 WARN : [in#0/mpegts @ 000002bfcded4c80] corrupt input packet in stream 0
19:57:15.808 WARN : [mpegts @ 000002bfcded5140] Packet corrupt (stream = 0, dts = 95612250).
19:57:15.808 WARN : [in#0/mpegts @ 000002bfcded4c80] corrupt input packet in stream 0
19:57:15.809 WARN : [mpegts @ 000002bfcded5140] Packet corrupt (stream = 0, dts = 96122250).
19:57:15.809 WARN : [in#0/mpegts @ 000002bfcded4c80] corrupt input packet in stream 0
19:57:15.812 WARN : [mpegts @ 000002bfcded5140] Packet corrupt (stream = 0, dts = 97018500).
19:57:15.812 WARN : [in#0/mpegts @ 000002bfcded4c80] corrupt input packet in stream 0
19:57:15.837 INFO : Done
