LOG 2026/03/25
Save Path: C:\Users\Administrator\video-manager\Logs
Task Start: 2026/03/25 20:06:40
Task CommandLine: N_m3u8DL-RE.exe https://t26.cdn2020.com/video/m3u8/2023/12/02/edc4ff57/index.m3u8 --save-dir E:\整理 --save-name 唐可可 --auto-select --del-after-done -H "User-Agent: Mozilla/5.0 (Windows NT 10.0; Win64; x64) AppleWebKit/537.36"

20:06:40.797 INFO : N_m3u8DL-RE (Beta version) 20251029
20:06:40.797 EXTRA: ffmpeg => E:\下载\ffmpeg-2025-10-21-git-535d4047d3-essentials_build\ffmpeg-2025-10-21-git-535d4047d3-essentials_build\bin\ffmpeg.exe
20:06:40.797 EXTRA: User-Defined Header => user-agent: Mozilla/5.0 (Windows NT 10.0; Win64; x64) AppleWebKit/537.36
20:06:40.797 INFO : 加载URL: https://t26.cdn2020.com/video/m3u8/2023/12/02/edc4ff57/index.m3u8
20:06:41.878 INFO : 内容匹配: HTTP Live Streaming
20:06:41.878 INFO : 正在解析媒体信息...
20:06:41.882 WARN : 写出meta json
20:06:41.882 INFO : 已解析, 共计 1 条媒体流, 基本流 1 条, 可选音频流 0 条, 可选字幕流 0 条
20:06:41.882 INFO : Vid Kbps | 156 Segments | ~22m27s
20:06:41.883 INFO : 已选择的流:
20:06:41.883 INFO : Vid Kbps | 156 Segments | ~22m27s
20:06:41.883 WARN : 写出meta json
20:06:41.884 INFO : 保存文件名: 唐可可
20:06:41.884 INFO : 开始下载...Vid Kbps
20:06:52.372 WARN : 读取媒体信息...
20:06:52.394 INFO : [0x100]: Video, h264 (High) ([27][0][0][0]), 1280x720, 24 fps
20:06:52.394 INFO : [0x101]: Audio, aac (LC) ([15][0][0][0]), 126 kb/s
20:09:34.651 INFO : 调用ffmpeg合并中...
20:09:34.677 WARN : [mpegts @ 000001e96bca5380] Packet corrupt (stream = 0, dts = 1022250).
20:09:34.677 WARN : [in#0/mpegts @ 000001e96bca4f40] corrupt input packet in stream 0
20:09:34.679 WARN : [mpegts @ 000001e96bca5380] Packet corrupt (stream = 0, dts = 1922250).
20:09:34.679 WARN : [in#0/mpegts @ 000001e96bca4f40] corrupt input packet in stream 0
20:09:34.681 WARN : [mpegts @ 000001e96bca5380] Packet corrupt (stream = 0, dts = 2822250).
20:09:34.681 WARN : [in#0/mpegts @ 000001e96bca4f40] corrupt input packet in stream 0
20:09:34.682 WARN : [mpegts @ 000001e96bca5380] Packet corrupt (stream = 0, dts = 3722250).
20:09:34.683 WARN : [in#0/mpegts @ 000001e96bca4f40] corrupt input packet in stream 0
20:09:34.684 WARN : [mpegts @ 000001e96bca5380] Packet corrupt (stream = 0, dts = 4622250).
20:09:34.684 WARN : [in#0/mpegts @ 000001e96bca4f40] corrupt input packet in stream 0
20:09:34.686 WARN : [mpegts @ 000001e96bca5380] Packet corrupt (stream = 0, dts = 5522250).
20:09:34.686 WARN : [in#0/mpegts @ 000001e96bca4f40] corrupt input packet in stream 0
20:09:34.687 WARN : [mpegts @ 000001e96bca5380] Packet corrupt (stream = 0, dts = 6422250).
20:09:34.687 WARN : [in#0/mpegts @ 000001e96bca4f40] corrupt input packet in stream 0
20:09:34.689 WARN : [mpegts @ 000001e96bca5380] Packet corrupt (stream = 0, dts = 7322250).
20:09:34.689 WARN : [in#0/mpegts @ 000001e96bca4f40] corrupt input packet in stream 0
20:09:34.691 WARN : [mpegts @ 000001e96bca5380] Packet corrupt (stream = 0, dts = 8222250).
20:09:34.691 WARN : [in#0/mpegts @ 000001e96bca4f40] corrupt input packet in stream 0
20:09:34.693 WARN : [mpegts @ 000001e96bca5380] Packet corrupt (stream = 0, dts = 9122250).
20:09:34.693 WARN : [in#0/mpegts @ 000001e96bca4f40] corrupt input packet in stream 0
20:09:34.695 WARN : [mpegts @ 000001e96bca5380] Packet corrupt (stream = 0, dts = 10022250).
20:09:34.695 WARN : [in#0/mpegts @ 000001e96bca4f40] corrupt input packet in stream 0
20:09:34.697 WARN : [mpegts @ 000001e96bca5380] Packet corrupt (stream = 0, dts = 10922250).
20:09:34.697 WARN : [in#0/mpegts @ 000001e96bca4f40] corrupt input packet in stream 0
20:09:34.699 WARN : [mpegts @ 000001e96bca5380] Packet corrupt (stream = 0, dts = 11822250).
20:09:34.699 WARN : [in#0/mpegts @ 000001e96bca4f40] corrupt input packet in stream 0
20:09:34.701 WARN : [mpegts @ 000001e96bca5380] Packet corrupt (stream = 0, dts = 12722250).
20:09:34.701 WARN : [in#0/mpegts @ 000001e96bca4f40] corrupt input packet in stream 0
20:09:34.703 WARN : [mpegts @ 000001e96bca5380] Packet corrupt (stream = 0, dts = 13622250).
20:09:34.703 WARN : [in#0/mpegts @ 000001e96bca4f40] corrupt input packet in stream 0
20:09:34.705 WARN : [mpegts @ 000001e96bca5380] Packet corrupt (stream = 0, dts = 14522250).
20:09:34.705 WARN : [in#0/mpegts @ 000001e96bca4f40] corrupt input packet in stream 0
20:09:34.707 WARN : [mpegts @ 000001e96bca5380] Packet corrupt (stream = 0, dts = 15422250).
20:09:34.707 WARN : [in#0/mpegts @ 000001e96bca4f40] corrupt input packet in stream 0
20:09:34.709 WARN : [mpegts @ 000001e96bca5380] Packet corrupt (stream = 0, dts = 16322250).
20:09:34.710 WARN : [in#0/mpegts @ 000001e96bca4f40] corrupt input packet in stream 0
20:09:34.711 WARN : [mpegts @ 000001e96bca5380] Packet corrupt (stream = 0, dts = 17222250).
20:09:34.711 WARN : [in#0/mpegts @ 000001e96bca4f40] corrupt input packet in stream 0
20:09:34.713 WARN : [mpegts @ 000001e96bca5380] Packet corrupt (stream = 0, dts = 18122250).
20:09:34.714 WARN : [in#0/mpegts @ 000001e96bca4f40] corrupt input packet in stream 0
20:09:34.715 WARN : [mpegts @ 000001e96bca5380] Packet corrupt (stream = 0, dts = 19022250).
20:09:34.716 WARN : [in#0/mpegts @ 000001e96bca4f40] corrupt input packet in stream 0
20:09:34.718 WARN : [mpegts @ 000001e96bca5380] Packet corrupt (stream = 0, dts = 19922250).
20:09:34.718 WARN : [in#0/mpegts @ 000001e96bca4f40] corrupt input packet in stream 0
20:09:34.720 WARN : [mpegts @ 000001e96bca5380] Packet corrupt (stream = 0, dts = 20822250).
20:09:34.720 WARN : [in#0/mpegts @ 000001e96bca4f40] corrupt input packet in stream 0
20:09:34.721 WARN : [mpegts @ 000001e96bca5380] Packet corrupt (stream = 0, dts = 21189750).
20:09:34.721 WARN : [in#0/mpegts @ 000001e96bca4f40] corrupt input packet in stream 0
20:09:34.723 WARN : [mpegts @ 000001e96bca5380] Packet corrupt (stream = 0, dts = 22089750).
20:09:34.723 WARN : [in#0/mpegts @ 000001e96bca4f40] corrupt input packet in stream 0
20:09:34.725 WARN : [mpegts @ 000001e96bca5380] Packet corrupt (stream = 0, dts = 22989750).
20:09:34.725 WARN : [in#0/mpegts @ 000001e96bca4f40] corrupt input packet in stream 0
20:09:34.727 WARN : [mpegts @ 000001e96bca5380] Packet corrupt (stream = 0, dts = 23889750).
20:09:34.727 WARN : [in#0/mpegts @ 000001e96bca4f40] corrupt input packet in stream 0
20:09:34.730 WARN : [mpegts @ 000001e96bca5380] Packet corrupt (stream = 0, dts = 25239750).
20:09:34.730 WARN : [in#0/mpegts @ 000001e96bca4f40] corrupt input packet in stream 0
20:09:34.733 WARN : [mpegts @ 000001e96bca5380] Packet corrupt (stream = 0, dts = 26139750).
20:09:34.733 WARN : [in#0/mpegts @ 000001e96bca4f40] corrupt input packet in stream 0
20:09:34.735 WARN : [mpegts @ 000001e96bca5380] Packet corrupt (stream = 0, dts = 27039750).
20:09:34.735 WARN : [in#0/mpegts @ 000001e96bca4f40] corrupt input packet in stream 0
20:09:34.736 WARN : [mpegts @ 000001e96bca5380] Packet corrupt (stream = 0, dts = 27564750).
20:09:34.736 WARN : [in#0/mpegts @ 000001e96bca4f40] corrupt input packet in stream 0
20:09:34.738 WARN : [mpegts @ 000001e96bca5380] Packet corrupt (stream = 0, dts = 28464750).
20:09:34.738 WARN : [in#0/mpegts @ 000001e96bca4f40] corrupt input packet in stream 0
20:09:34.740 WARN : [mpegts @ 000001e96bca5380] Packet corrupt (stream = 0, dts = 29357250).
20:09:34.741 WARN : [in#0/mpegts @ 000001e96bca4f40] corrupt input packet in stream 0
20:09:34.745 WARN : [mpegts @ 000001e96bca5380] Packet corrupt (stream = 0, dts = 31157250).
20:09:34.745 WARN : [in#0/mpegts @ 000001e96bca4f40] corrupt input packet in stream 0
20:09:34.748 WARN : [mpegts @ 000001e96bca5380] Packet corrupt (stream = 0, dts = 32057250).
20:09:34.748 WARN : [in#0/mpegts @ 000001e96bca4f40] corrupt input packet in stream 0
20:09:34.750 WARN : [mpegts @ 000001e96bca5380] Packet corrupt (stream = 0, dts = 32953500).
20:09:34.751 WARN : [in#0/mpegts @ 000001e96bca4f40] corrupt input packet in stream 0
20:09:34.753 WARN : [mpegts @ 000001e96bca5380] Packet corrupt (stream = 0, dts = 33846000).
20:09:34.753 WARN : [in#0/mpegts @ 000001e96bca4f40] corrupt input packet in stream 0
20:09:34.755 WARN : [mpegts @ 000001e96bca5380] Packet corrupt (stream = 0, dts = 34742250).
20:09:34.755 WARN : [in#0/mpegts @ 000001e96bca4f40] corrupt input packet in stream 0
20:09:34.758 WARN : [mpegts @ 000001e96bca5380] Packet corrupt (stream = 0, dts = 35642250).
20:09:34.758 WARN : [in#0/mpegts @ 000001e96bca4f40] corrupt input packet in stream 0
20:09:34.760 WARN : [mpegts @ 000001e96bca5380] Packet corrupt (stream = 0, dts = 36542250).
20:09:34.760 WARN : [in#0/mpegts @ 000001e96bca4f40] corrupt input packet in stream 0
20:09:34.762 WARN : [mpegts @ 000001e96bca5380] Packet corrupt (stream = 0, dts = 37442250).
20:09:34.763 WARN : [in#0/mpegts @ 000001e96bca4f40] corrupt input packet in stream 0
20:09:34.764 WARN : [mpegts @ 000001e96bca5380] Packet corrupt (stream = 0, dts = 37967250).
20:09:34.764 WARN : [in#0/mpegts @ 000001e96bca4f40] corrupt input packet in stream 0
20:09:34.766 WARN : [mpegts @ 000001e96bca5380] Packet corrupt (stream = 0, dts = 38867250).
20:09:34.767 WARN : [in#0/mpegts @ 000001e96bca4f40] corrupt input packet in stream 0
20:09:34.768 WARN : [mpegts @ 000001e96bca5380] Packet corrupt (stream = 0, dts = 39572250).
20:09:34.768 WARN : [in#0/mpegts @ 000001e96bca4f40] corrupt input packet in stream 0
20:09:34.770 WARN : [mpegts @ 000001e96bca5380] Packet corrupt (stream = 0, dts = 40472250).
20:09:34.770 WARN : [in#0/mpegts @ 000001e96bca4f40] corrupt input packet in stream 0
20:09:34.771 WARN : [mpegts @ 000001e96bca5380] Packet corrupt (stream = 0, dts = 40866000).
20:09:34.771 WARN : [in#0/mpegts @ 000001e96bca4f40] corrupt input packet in stream 0
20:09:34.773 WARN : [mpegts @ 000001e96bca5380] Packet corrupt (stream = 0, dts = 41582250).
20:09:34.773 WARN : [in#0/mpegts @ 000001e96bca4f40] corrupt input packet in stream 0
20:09:34.774 WARN : [mpegts @ 000001e96bca5380] Packet corrupt (stream = 0, dts = 42377250).
20:09:34.775 WARN : [in#0/mpegts @ 000001e96bca4f40] corrupt input packet in stream 0
20:09:34.777 WARN : [mpegts @ 000001e96bca5380] Packet corrupt (stream = 0, dts = 43277250).
20:09:34.777 WARN : [in#0/mpegts @ 000001e96bca4f40] corrupt input packet in stream 0
20:09:34.779 WARN : [mpegts @ 000001e96bca5380] Packet corrupt (stream = 0, dts = 44177250).
20:09:34.779 WARN : [in#0/mpegts @ 000001e96bca4f40] corrupt input packet in stream 0
20:09:34.781 WARN : [mpegts @ 000001e96bca5380] Packet corrupt (stream = 0, dts = 45077250).
20:09:34.781 WARN : [in#0/mpegts @ 000001e96bca4f40] corrupt input packet in stream 0
20:09:34.784 WARN : [mpegts @ 000001e96bca5380] Packet corrupt (stream = 0, dts = 46877250).
20:09:34.784 WARN : [in#0/mpegts @ 000001e96bca4f40] corrupt input packet in stream 0
20:09:34.786 WARN : [mpegts @ 000001e96bca5380] Packet corrupt (stream = 0, dts = 47687250).
20:09:34.786 WARN : [in#0/mpegts @ 000001e96bca4f40] corrupt input packet in stream 0
20:09:34.788 WARN : [mpegts @ 000001e96bca5380] Packet corrupt (stream = 0, dts = 48587250).
20:09:34.788 WARN : [in#0/mpegts @ 000001e96bca4f40] corrupt input packet in stream 0
20:09:34.790 WARN : [mpegts @ 000001e96bca5380] Packet corrupt (stream = 0, dts = 49487250).
20:09:34.790 WARN : [in#0/mpegts @ 000001e96bca4f40] corrupt input packet in stream 0
20:09:34.792 WARN : [mpegts @ 000001e96bca5380] Packet corrupt (stream = 0, dts = 50383500).
20:09:34.793 WARN : [in#0/mpegts @ 000001e96bca4f40] corrupt input packet in stream 0
20:09:34.793 WARN : [mpegts @ 000001e96bca5380] Packet corrupt (stream = 0, dts = 50679750).
20:09:34.793 WARN : [in#0/mpegts @ 000001e96bca4f40] corrupt input packet in stream 0
20:09:34.795 WARN : [mpegts @ 000001e96bca5380] Packet corrupt (stream = 0, dts = 51579750).
20:09:34.796 WARN : [in#0/mpegts @ 000001e96bca4f40] corrupt input packet in stream 0
20:09:34.797 WARN : [mpegts @ 000001e96bca5380] Packet corrupt (stream = 0, dts = 52479750).
20:09:34.797 WARN : [in#0/mpegts @ 000001e96bca4f40] corrupt input packet in stream 0
20:09:34.799 WARN : [mpegts @ 000001e96bca5380] Packet corrupt (stream = 0, dts = 53379750).
20:09:34.799 WARN : [in#0/mpegts @ 000001e96bca4f40] corrupt input packet in stream 0
20:09:34.801 WARN : [mpegts @ 000001e96bca5380] Packet corrupt (stream = 0, dts = 54279750).
20:09:34.801 WARN : [in#0/mpegts @ 000001e96bca4f40] corrupt input packet in stream 0
20:09:34.803 WARN : [mpegts @ 000001e96bca5380] Packet corrupt (stream = 0, dts = 55179750).
20:09:34.803 WARN : [in#0/mpegts @ 000001e96bca4f40] corrupt input packet in stream 0
20:09:34.805 WARN : [mpegts @ 000001e96bca5380] Packet corrupt (stream = 0, dts = 56079750).
20:09:34.805 WARN : [in#0/mpegts @ 000001e96bca4f40] corrupt input packet in stream 0
20:09:34.807 WARN : [mpegts @ 000001e96bca5380] Packet corrupt (stream = 0, dts = 56979750).
20:09:34.807 WARN : [in#0/mpegts @ 000001e96bca4f40] corrupt input packet in stream 0
20:09:34.809 WARN : [mpegts @ 000001e96bca5380] Packet corrupt (stream = 0, dts = 57752250).
20:09:34.809 WARN : [in#0/mpegts @ 000001e96bca4f40] corrupt input packet in stream 0
20:09:34.811 WARN : [mpegts @ 000001e96bca5380] Packet corrupt (stream = 0, dts = 58427250).
20:09:34.811 WARN : [in#0/mpegts @ 000001e96bca4f40] corrupt input packet in stream 0
20:09:34.814 WARN : [mpegts @ 000001e96bca5380] Packet corrupt (stream = 0, dts = 60182250).
20:09:34.814 WARN : [in#0/mpegts @ 000001e96bca4f40] corrupt input packet in stream 0
20:09:34.816 WARN : [mpegts @ 000001e96bca5380] Packet corrupt (stream = 0, dts = 61082250).
20:09:34.816 WARN : [in#0/mpegts @ 000001e96bca4f40] corrupt input packet in stream 0
20:09:34.818 WARN : [mpegts @ 000001e96bca5380] Packet corrupt (stream = 0, dts = 61982250).
20:09:34.818 WARN : [in#0/mpegts @ 000001e96bca4f40] corrupt input packet in stream 0
20:09:34.820 WARN : [mpegts @ 000001e96bca5380] Packet corrupt (stream = 0, dts = 62792250).
20:09:34.821 WARN : [in#0/mpegts @ 000001e96bca4f40] corrupt input packet in stream 0
20:09:34.823 WARN : [mpegts @ 000001e96bca5380] Packet corrupt (stream = 0, dts = 63692250).
20:09:34.823 WARN : [in#0/mpegts @ 000001e96bca4f40] corrupt input packet in stream 0
20:09:34.825 WARN : [mpegts @ 000001e96bca5380] Packet corrupt (stream = 0, dts = 64592250).
20:09:34.825 WARN : [in#0/mpegts @ 000001e96bca4f40] corrupt input packet in stream 0
20:09:34.827 WARN : [mpegts @ 000001e96bca5380] Packet corrupt (stream = 0, dts = 65057250).
20:09:34.827 WARN : [in#0/mpegts @ 000001e96bca4f40] corrupt input packet in stream 0
20:09:34.827 WARN : [mpegts @ 000001e96bca5380] Packet corrupt (stream = 0, dts = 65327250).
20:09:34.827 WARN : [in#0/mpegts @ 000001e96bca4f40] corrupt input packet in stream 0
20:09:34.830 WARN : [mpegts @ 000001e96bca5380] Packet corrupt (stream = 0, dts = 66407250).
20:09:34.830 WARN : [in#0/mpegts @ 000001e96bca4f40] corrupt input packet in stream 0
20:09:34.833 WARN : [mpegts @ 000001e96bca5380] Packet corrupt (stream = 0, dts = 67299750).
20:09:34.833 WARN : [in#0/mpegts @ 000001e96bca4f40] corrupt input packet in stream 0
20:09:34.834 WARN : [mpegts @ 000001e96bca5380] Packet corrupt (stream = 0, dts = 67757250).
20:09:34.834 WARN : [in#0/mpegts @ 000001e96bca4f40] corrupt input packet in stream 0
20:09:34.835 WARN : [mpegts @ 000001e96bca5380] Packet corrupt (stream = 0, dts = 68072250).
20:09:34.835 WARN : [in#0/mpegts @ 000001e96bca4f40] corrupt input packet in stream 0
20:09:34.836 WARN : [mpegts @ 000001e96bca5380] Packet corrupt (stream = 0, dts = 68732250).
20:09:34.836 WARN : [in#0/mpegts @ 000001e96bca4f40] corrupt input packet in stream 0
20:09:34.838 WARN : [mpegts @ 000001e96bca5380] Packet corrupt (stream = 0, dts = 69152250).
20:09:34.838 WARN : [in#0/mpegts @ 000001e96bca4f40] corrupt input packet in stream 0
20:09:34.839 WARN : [mpegts @ 000001e96bca5380] Packet corrupt (stream = 0, dts = 69692250).
20:09:34.839 WARN : [in#0/mpegts @ 000001e96bca4f40] corrupt input packet in stream 0
20:09:34.840 WARN : [mpegts @ 000001e96bca5380] Packet corrupt (stream = 0, dts = 70007250).
20:09:34.840 WARN : [in#0/mpegts @ 000001e96bca4f40] corrupt input packet in stream 0
20:09:34.841 WARN : [mpegts @ 000001e96bca5380] Packet corrupt (stream = 0, dts = 70487250).
20:09:34.841 WARN : [in#0/mpegts @ 000001e96bca4f40] corrupt input packet in stream 0
20:09:34.842 WARN : [mpegts @ 000001e96bca5380] Packet corrupt (stream = 0, dts = 70907250).
20:09:34.842 WARN : [in#0/mpegts @ 000001e96bca4f40] corrupt input packet in stream 0
20:09:34.845 WARN : [mpegts @ 000001e96bca5380] Packet corrupt (stream = 0, dts = 71799750).
20:09:34.845 WARN : [in#0/mpegts @ 000001e96bca4f40] corrupt input packet in stream 0
20:09:34.846 WARN : [mpegts @ 000001e96bca5380] Packet corrupt (stream = 0, dts = 72017250).
20:09:34.846 WARN : [in#0/mpegts @ 000001e96bca4f40] corrupt input packet in stream 0
20:09:34.846 WARN : [mpegts @ 000001e96bca5380] Packet corrupt (stream = 0, dts = 72167250).
20:09:34.846 WARN : [in#0/mpegts @ 000001e96bca4f40] corrupt input packet in stream 0
20:09:34.846 WARN : [mpegts @ 000001e96bca5380] Packet corrupt (stream = 0, dts = 72317250).
20:09:34.847 WARN : [in#0/mpegts @ 000001e96bca4f40] corrupt input packet in stream 0
20:09:34.848 WARN : [mpegts @ 000001e96bca5380] Packet corrupt (stream = 0, dts = 72707250).
20:09:34.848 WARN : [in#0/mpegts @ 000001e96bca4f40] corrupt input packet in stream 0
20:09:34.849 WARN : [mpegts @ 000001e96bca5380] Packet corrupt (stream = 0, dts = 73022250).
20:09:34.849 WARN : [in#0/mpegts @ 000001e96bca4f40] corrupt input packet in stream 0
20:09:34.850 WARN : [mpegts @ 000001e96bca5380] Packet corrupt (stream = 0, dts = 73269750).
20:09:34.850 WARN : [in#0/mpegts @ 000001e96bca4f40] corrupt input packet in stream 0
20:09:34.852 WARN : [mpegts @ 000001e96bca5380] Packet corrupt (stream = 0, dts = 74162250).
20:09:34.852 WARN : [in#0/mpegts @ 000001e96bca4f40] corrupt input packet in stream 0
20:09:34.855 WARN : [mpegts @ 000001e96bca5380] Packet corrupt (stream = 0, dts = 75062250).
20:09:34.855 WARN : [in#0/mpegts @ 000001e96bca4f40] corrupt input packet in stream 0
20:09:34.856 WARN : [mpegts @ 000001e96bca5380] Packet corrupt (stream = 0, dts = 75962250).
20:09:34.857 WARN : [in#0/mpegts @ 000001e96bca4f40] corrupt input packet in stream 0
20:09:34.859 WARN : [mpegts @ 000001e96bca5380] Packet corrupt (stream = 0, dts = 76862250).
20:09:34.859 WARN : [in#0/mpegts @ 000001e96bca4f40] corrupt input packet in stream 0
20:09:34.861 WARN : [mpegts @ 000001e96bca5380] Packet corrupt (stream = 0, dts = 77762250).
20:09:34.862 WARN : [in#0/mpegts @ 000001e96bca4f40] corrupt input packet in stream 0
20:09:34.863 WARN : [mpegts @ 000001e96bca5380] Packet corrupt (stream = 0, dts = 78617250).
20:09:34.864 WARN : [in#0/mpegts @ 000001e96bca4f40] corrupt input packet in stream 0
20:09:34.866 WARN : [mpegts @ 000001e96bca5380] Packet corrupt (stream = 0, dts = 79393500).
20:09:34.867 WARN : [in#0/mpegts @ 000001e96bca4f40] corrupt input packet in stream 0
20:09:34.868 WARN : [mpegts @ 000001e96bca5380] Packet corrupt (stream = 0, dts = 80293500).
20:09:34.868 WARN : [in#0/mpegts @ 000001e96bca4f40] corrupt input packet in stream 0
20:09:34.872 WARN : [mpegts @ 000001e96bca5380] Packet corrupt (stream = 0, dts = 81118500).
20:09:34.872 WARN : [in#0/mpegts @ 000001e96bca4f40] corrupt input packet in stream 0
20:09:34.874 WARN : [mpegts @ 000001e96bca5380] Packet corrupt (stream = 0, dts = 82018500).
20:09:34.874 WARN : [in#0/mpegts @ 000001e96bca4f40] corrupt input packet in stream 0
20:09:34.876 WARN : [mpegts @ 000001e96bca5380] Packet corrupt (stream = 0, dts = 82918500).
20:09:34.876 WARN : [in#0/mpegts @ 000001e96bca4f40] corrupt input packet in stream 0
20:09:34.878 WARN : [mpegts @ 000001e96bca5380] Packet corrupt (stream = 0, dts = 83818500).
20:09:34.878 WARN : [in#0/mpegts @ 000001e96bca4f40] corrupt input packet in stream 0
20:09:34.881 WARN : [mpegts @ 000001e96bca5380] Packet corrupt (stream = 0, dts = 84718500).
20:09:34.881 WARN : [in#0/mpegts @ 000001e96bca4f40] corrupt input packet in stream 0
20:09:34.883 WARN : [mpegts @ 000001e96bca5380] Packet corrupt (stream = 0, dts = 85618500).
20:09:34.883 WARN : [in#0/mpegts @ 000001e96bca4f40] corrupt input packet in stream 0
20:09:34.884 WARN : [mpegts @ 000001e96bca5380] Packet corrupt (stream = 0, dts = 86518500).
20:09:34.885 WARN : [in#0/mpegts @ 000001e96bca4f40] corrupt input packet in stream 0
20:09:34.887 WARN : [mpegts @ 000001e96bca5380] Packet corrupt (stream = 0, dts = 87418500).
20:09:34.887 WARN : [in#0/mpegts @ 000001e96bca4f40] corrupt input packet in stream 0
20:09:34.889 WARN : [mpegts @ 000001e96bca5380] Packet corrupt (stream = 0, dts = 88318500).
20:09:34.889 WARN : [in#0/mpegts @ 000001e96bca4f40] corrupt input packet in stream 0
20:09:34.890 WARN : [mpegts @ 000001e96bca5380] Packet corrupt (stream = 0, dts = 88532250).
20:09:34.890 WARN : [in#0/mpegts @ 000001e96bca4f40] corrupt input packet in stream 0
20:09:34.893 WARN : [mpegts @ 000001e96bca5380] Packet corrupt (stream = 0, dts = 89432250).
20:09:34.893 WARN : [in#0/mpegts @ 000001e96bca4f40] corrupt input packet in stream 0
20:09:34.895 WARN : [mpegts @ 000001e96bca5380] Packet corrupt (stream = 0, dts = 90332250).
20:09:34.895 WARN : [in#0/mpegts @ 000001e96bca4f40] corrupt input packet in stream 0
20:09:34.898 WARN : [mpegts @ 000001e96bca5380] Packet corrupt (stream = 0, dts = 91232250).
20:09:34.898 WARN : [in#0/mpegts @ 000001e96bca4f40] corrupt input packet in stream 0
20:09:34.900 WARN : [mpegts @ 000001e96bca5380] Packet corrupt (stream = 0, dts = 92132250).
20:09:34.900 WARN : [in#0/mpegts @ 000001e96bca4f40] corrupt input packet in stream 0
20:09:34.900 WARN : [mpegts @ 000001e96bca5380] Packet corrupt (stream = 0, dts = 92184750).
20:09:34.900 WARN : [in#0/mpegts @ 000001e96bca4f40] corrupt input packet in stream 0
20:09:34.903 WARN : [mpegts @ 000001e96bca5380] Packet corrupt (stream = 0, dts = 93077250).
20:09:34.904 WARN : [in#0/mpegts @ 000001e96bca4f40] corrupt input packet in stream 0
20:09:34.906 WARN : [mpegts @ 000001e96bca5380] Packet corrupt (stream = 0, dts = 93977250).
20:09:34.906 WARN : [in#0/mpegts @ 000001e96bca4f40] corrupt input packet in stream 0
20:09:34.909 WARN : [mpegts @ 000001e96bca5380] Packet corrupt (stream = 0, dts = 94877250).
20:09:34.909 WARN : [in#0/mpegts @ 000001e96bca4f40] corrupt input packet in stream 0
20:09:34.911 WARN : [mpegts @ 000001e96bca5380] Packet corrupt (stream = 0, dts = 95777250).
20:09:34.911 WARN : [in#0/mpegts @ 000001e96bca4f40] corrupt input packet in stream 0
20:09:34.917 WARN : [mpegts @ 000001e96bca5380] Packet corrupt (stream = 0, dts = 97573500).
20:09:34.917 WARN : [in#0/mpegts @ 000001e96bca4f40] corrupt input packet in stream 0
20:09:34.919 WARN : [mpegts @ 000001e96bca5380] Packet corrupt (stream = 0, dts = 98469750).
20:09:34.920 WARN : [in#0/mpegts @ 000001e96bca4f40] corrupt input packet in stream 0
20:09:34.920 WARN : [mpegts @ 000001e96bca5380] Packet corrupt (stream = 0, dts = 98777250).
20:09:34.920 WARN : [in#0/mpegts @ 000001e96bca4f40] corrupt input packet in stream 0
20:09:34.921 WARN : [mpegts @ 000001e96bca5380] Packet corrupt (stream = 0, dts = 99212250).
20:09:34.921 WARN : [in#0/mpegts @ 000001e96bca4f40] corrupt input packet in stream 0
20:09:34.924 WARN : [mpegts @ 000001e96bca5380] Packet corrupt (stream = 0, dts = 100108500).
20:09:34.924 WARN : [in#0/mpegts @ 000001e96bca4f40] corrupt input packet in stream 0
20:09:34.924 WARN : [mpegts @ 000001e96bca5380] Packet corrupt (stream = 0, dts = 100202250).
20:09:34.924 WARN : [in#0/mpegts @ 000001e96bca4f40] corrupt input packet in stream 0
20:09:34.927 WARN : [mpegts @ 000001e96bca5380] Packet corrupt (stream = 0, dts = 101102250).
20:09:34.927 WARN : [in#0/mpegts @ 000001e96bca4f40] corrupt input packet in stream 0
20:09:34.929 WARN : [mpegts @ 000001e96bca5380] Packet corrupt (stream = 0, dts = 102002250).
20:09:34.929 WARN : [in#0/mpegts @ 000001e96bca4f40] corrupt input packet in stream 0
20:09:34.930 WARN : [mpegts @ 000001e96bca5380] Packet corrupt (stream = 0, dts = 102231000).
20:09:34.930 WARN : [in#0/mpegts @ 000001e96bca4f40] corrupt input packet in stream 0
20:09:34.933 WARN : [mpegts @ 000001e96bca5380] Packet corrupt (stream = 0, dts = 103131000).
20:09:34.933 WARN : [in#0/mpegts @ 000001e96bca4f40] corrupt input packet in stream 0
20:09:34.935 WARN : [mpegts @ 000001e96bca5380] Packet corrupt (stream = 0, dts = 104031000).
20:09:34.935 WARN : [in#0/mpegts @ 000001e96bca4f40] corrupt input packet in stream 0
20:09:34.938 WARN : [mpegts @ 000001e96bca5380] Packet corrupt (stream = 0, dts = 104931000).
20:09:34.938 WARN : [in#0/mpegts @ 000001e96bca4f40] corrupt input packet in stream 0
20:09:34.940 WARN : [mpegts @ 000001e96bca5380] Packet corrupt (stream = 0, dts = 105831000).
20:09:34.940 WARN : [in#0/mpegts @ 000001e96bca4f40] corrupt input packet in stream 0
20:09:34.943 WARN : [mpegts @ 000001e96bca5380] Packet corrupt (stream = 0, dts = 106731000).
20:09:34.943 WARN : [in#0/mpegts @ 000001e96bca4f40] corrupt input packet in stream 0
20:09:34.944 WARN : [mpegts @ 000001e96bca5380] Packet corrupt (stream = 0, dts = 107631000).
20:09:34.945 WARN : [in#0/mpegts @ 000001e96bca4f40] corrupt input packet in stream 0
20:09:34.948 WARN : [mpegts @ 000001e96bca5380] Packet corrupt (stream = 0, dts = 108531000).
20:09:34.948 WARN : [in#0/mpegts @ 000001e96bca4f40] corrupt input packet in stream 0
20:09:34.949 WARN : [mpegts @ 000001e96bca5380] Packet corrupt (stream = 0, dts = 109431000).
20:09:34.950 WARN : [in#0/mpegts @ 000001e96bca4f40] corrupt input packet in stream 0
20:09:34.952 WARN : [mpegts @ 000001e96bca5380] Packet corrupt (stream = 0, dts = 110312250).
20:09:34.952 WARN : [in#0/mpegts @ 000001e96bca4f40] corrupt input packet in stream 0
20:09:34.954 WARN : [mpegts @ 000001e96bca5380] Packet corrupt (stream = 0, dts = 111212250).
20:09:34.954 WARN : [in#0/mpegts @ 000001e96bca4f40] corrupt input packet in stream 0
20:09:34.956 WARN : [mpegts @ 000001e96bca5380] Packet corrupt (stream = 0, dts = 112112250).
20:09:34.956 WARN : [in#0/mpegts @ 000001e96bca4f40] corrupt input packet in stream 0
20:09:34.959 WARN : [mpegts @ 000001e96bca5380] Packet corrupt (stream = 0, dts = 112997250).
20:09:34.959 WARN : [in#0/mpegts @ 000001e96bca4f40] corrupt input packet in stream 0
20:09:34.961 WARN : [mpegts @ 000001e96bca5380] Packet corrupt (stream = 0, dts = 113897250).
20:09:34.961 WARN : [in#0/mpegts @ 000001e96bca4f40] corrupt input packet in stream 0
20:09:34.964 WARN : [mpegts @ 000001e96bca5380] Packet corrupt (stream = 0, dts = 114797250).
20:09:34.964 WARN : [in#0/mpegts @ 000001e96bca4f40] corrupt input packet in stream 0
20:09:34.964 WARN : [mpegts @ 000001e96bca5380] Packet corrupt (stream = 0, dts = 114943500).
20:09:34.964 WARN : [in#0/mpegts @ 000001e96bca4f40] corrupt input packet in stream 0
20:09:34.967 WARN : [mpegts @ 000001e96bca5380] Packet corrupt (stream = 0, dts = 115839750).
20:09:34.967 WARN : [in#0/mpegts @ 000001e96bca4f40] corrupt input packet in stream 0
20:09:34.970 WARN : [mpegts @ 000001e96bca5380] Packet corrupt (stream = 0, dts = 116597250).
20:09:34.970 WARN : [in#0/mpegts @ 000001e96bca4f40] corrupt input packet in stream 0
20:09:34.972 WARN : [mpegts @ 000001e96bca5380] Packet corrupt (stream = 0, dts = 117497250).
20:09:34.972 WARN : [in#0/mpegts @ 000001e96bca4f40] corrupt input packet in stream 0
20:09:34.978 WARN : [mpegts @ 000001e96bca5380] Packet corrupt (stream = 0, dts = 119293500).
20:09:34.978 WARN : [in#0/mpegts @ 000001e96bca4f40] corrupt input packet in stream 0
20:09:34.981 WARN : [mpegts @ 000001e96bca5380] Packet corrupt (stream = 0, dts = 120193500).
20:09:34.981 WARN : [in#0/mpegts @ 000001e96bca4f40] corrupt input packet in stream 0
20:09:34.983 WARN : [mpegts @ 000001e96bca5380] Packet corrupt (stream = 0, dts = 121093500).
20:09:34.983 WARN : [in#0/mpegts @ 000001e96bca4f40] corrupt input packet in stream 0
20:09:35.011 INFO : Done
