LOG 2026/03/25
Save Path: C:\Users\Administrator\video-manager\Logs
Task Start: 2026/03/25 16:19:32
Task CommandLine: N_m3u8DL-RE.exe https://surrit.com/c9252e2b-5ff4-41f2-99a3-be6dca5d478c/720p/video.m3u8 --save-dir E:\整理 --save-name FC2-PPV-4868080 --auto-select --del-after-done -H "User-Agent: Mozilla/5.0 (Windows NT 10.0; Win64; x64) AppleWebKit/537.36"

16:19:32.009 INFO : N_m3u8DL-RE (Beta version) 20251029
16:19:32.010 EXTRA: ffmpeg => E:\下载\ffmpeg-2025-10-21-git-535d4047d3-essentials_build\ffmpeg-2025-10-21-git-535d4047d3-essentials_build\bin\ffmpeg.exe
16:19:32.010 EXTRA: User-Defined Header => user-agent: Mozilla/5.0 (Windows NT 10.0; Win64; x64) AppleWebKit/537.36
16:19:32.010 INFO : 加载URL: https://surrit.com/c9252e2b-5ff4-41f2-99a3-be6dca5d478c/720p/video.m3u8
16:19:32.567 INFO : 内容匹配: HTTP Live Streaming
16:19:32.567 INFO : 正在解析媒体信息...
16:19:32.580 WARN : 写出meta json
16:19:32.581 INFO : 已解析, 共计 1 条媒体流, 基本流 1 条, 可选音频流 0 条, 可选字幕流 0 条
16:19:32.581 INFO : Vid Kbps | 872 Segments | ~58m07s
16:19:32.582 INFO : 已选择的流:
16:19:32.582 INFO : Vid Kbps | 872 Segments | ~58m07s
16:19:32.582 WARN : 写出meta json
16:19:32.588 INFO : 保存文件名: FC2-PPV-4868080
16:19:32.589 INFO : 开始下载...Vid Kbps
16:19:32.777 WARN : 读取媒体信息...
16:19:32.797 INFO : [0x100]: Video, h264 (High) ([27][0][0][0]), 1280x720, 24 fps
16:19:32.798 INFO : [0x101]: Audio, aac (LC) ([15][0][0][0]), 4 kb/s
16:21:48.158 INFO : 调用ffmpeg合并中...
16:21:49.561 INFO : Done
