LOG 2026/03/26
Save Path: C:\Users\Administrator\video-manager\Logs
Task Start: 2026/03/26 10:31:44
Task CommandLine: N_m3u8DL-RE.exe https://surrit.com/dea191a0-bfe6-4e6a-a145-618e0cad3841/720p/video.m3u8 --save-dir E:\整理 --save-name CARIBBEANCOM-032526-001 --auto-select --del-after-done -H "User-Agent: Mozilla/5.0 (Windows NT 10.0; Win64; x64) AppleWebKit/537.36"

10:31:44.986 INFO : N_m3u8DL-RE (Beta version) 20251029
10:31:44.986 EXTRA: ffmpeg => E:\下载\ffmpeg-2025-10-21-git-535d4047d3-essentials_build\ffmpeg-2025-10-21-git-535d4047d3-essentials_build\bin\ffmpeg.exe
10:31:44.986 EXTRA: User-Defined Header => user-agent: Mozilla/5.0 (Windows NT 10.0; Win64; x64) AppleWebKit/537.36
10:31:44.986 INFO : 加载URL: https://surrit.com/dea191a0-bfe6-4e6a-a145-618e0cad3841/720p/video.m3u8
10:31:46.078 WARN : Response status code does not indicate success: 403 (Forbidden). (1/10)
10:31:47.588 INFO : 加载URL: https://surrit.com/dea191a0-bfe6-4e6a-a145-618e0cad3841/720p/video.m3u8
10:31:48.527 WARN : Response status code does not indicate success: 403 (Forbidden). (2/10)
10:31:50.031 INFO : 加载URL: https://surrit.com/dea191a0-bfe6-4e6a-a145-618e0cad3841/720p/video.m3u8
10:31:51.003 WARN : Response status code does not indicate success: 403 (Forbidden). (3/10)
10:31:52.514 INFO : 加载URL: https://surrit.com/dea191a0-bfe6-4e6a-a145-618e0cad3841/720p/video.m3u8
10:31:53.427 WARN : Response status code does not indicate success: 403 (Forbidden). (4/10)
10:31:54.937 INFO : 加载URL: https://surrit.com/dea191a0-bfe6-4e6a-a145-618e0cad3841/720p/video.m3u8
10:31:55.810 WARN : Response status code does not indicate success: 403 (Forbidden). (5/10)
10:31:57.324 INFO : 加载URL: https://surrit.com/dea191a0-bfe6-4e6a-a145-618e0cad3841/720p/video.m3u8
10:31:58.228 WARN : Response status code does not indicate success: 403 (Forbidden). (6/10)
10:31:59.740 INFO : 加载URL: https://surrit.com/dea191a0-bfe6-4e6a-a145-618e0cad3841/720p/video.m3u8
10:32:00.624 WARN : Response status code does not indicate success: 403 (Forbidden). (7/10)
10:32:02.135 INFO : 加载URL: https://surrit.com/dea191a0-bfe6-4e6a-a145-618e0cad3841/720p/video.m3u8
10:32:02.968 WARN : Response status code does not indicate success: 403 (Forbidden). (8/10)
10:32:04.483 INFO : 加载URL: https://surrit.com/dea191a0-bfe6-4e6a-a145-618e0cad3841/720p/video.m3u8
10:32:05.344 WARN : Response status code does not indicate success: 403 (Forbidden). (9/10)
10:32:06.858 INFO : 加载URL: https://surrit.com/dea191a0-bfe6-4e6a-a145-618e0cad3841/720p/video.m3u8
10:32:07.739 WARN : Response status code does not indicate success: 403 (Forbidden). (10/10)
