LOG 2026/03/25
Save Path: C:\Users\Administrator\video-manager\Logs
Task Start: 2026/03/25 14:46:20
Task CommandLine: N_m3u8DL-RE.exe https://surrit.com/d87e6d24-03df-406c-8456-1e1dff72febb/720p/video.m3u8 --save-dir C:\Users\Administrator\video-manager\downloads --save-name FC2-PPV-4868160

14:46:20.777 INFO : N_m3u8DL-RE (Beta version) 20251029
14:46:20.778 EXTRA: ffmpeg => E:\下载\ffmpeg-2025-10-21-git-535d4047d3-essentials_build\ffmpeg-2025-10-21-git-535d4047d3-essentials_build\bin\ffmpeg.exe
14:46:20.778 INFO : 加载URL: https://surrit.com/d87e6d24-03df-406c-8456-1e1dff72febb/720p/video.m3u8
14:46:21.292 INFO : 内容匹配: HTTP Live Streaming
14:46:21.292 INFO : 正在解析媒体信息...
14:46:21.299 WARN : 写出meta json
14:46:21.306 INFO : 已解析, 共计 1 条媒体流, 基本流 1 条, 可选音频流 0 条, 可选字幕流 0 条
14:46:21.306 INFO : Vid Kbps | 406 Segments | ~27m03s
14:46:21.306 INFO : 已选择的流:
14:46:21.307 INFO : Vid Kbps | 406 Segments | ~27m03s
14:46:21.307 WARN : 写出meta json
14:46:21.307 INFO : 保存文件名: FC2-PPV-4868160
14:46:21.308 INFO : 开始下载...Vid Kbps
14:46:21.688 WARN : 读取媒体信息...
14:46:21.710 INFO : [0x100]: Video, h264 (High) ([27][0][0][0]), 1280x720, 24 fps
14:46:21.711 INFO : [0x101]: Audio, aac (LC) ([15][0][0][0]), 135 kb/s
14:47:19.828 INFO : 调用ffmpeg合并中...
14:47:20.527 INFO : Done
