LOG 2026/03/26
Save Path: c:\Users\Administrator\video-manager\admin\backend\Logs
Task Start: 2026/03/26 10:52:28
Task CommandLine: c:\Users\Administrator\video-manager\admin\backend\N_m3u8DL-RE.exe https://surrit.com/dea191a0-bfe6-4e6a-a145-618e0cad3841/720p/video.m3u8 --save-dir E:\整理 --save-name CARIBBEANCOM-032526-001 --auto-select --del-after-done --no-ansi-color -H "User-Agent: Mozilla/5.0 (Windows NT 10.0; Win64; x64) AppleWebKit/537.36 (KHTML, like Gecko) Chrome/120.0.0.0 Safari/537.36" -H "Referer: https://missav.ai/" -H "Origin: https://missav.ai"

10:52:28.515 INFO : N_m3u8DL-RE (Beta version) 20251029
10:52:28.515 EXTRA: ffmpeg => E:\下载\ffmpeg-2025-10-21-git-535d4047d3-essentials_build\ffmpeg-2025-10-21-git-535d4047d3-essentials_build\bin\ffmpeg.exe
10:52:28.515 EXTRA: User-Defined Header => user-agent: Mozilla/5.0 (Windows NT 10.0; Win64; x64) AppleWebKit/537.36 (KHTML, like Gecko) Chrome/120.0.0.0 Safari/537.36
10:52:28.515 EXTRA: User-Defined Header => referer: https://missav.ai/
10:52:28.515 EXTRA: User-Defined Header => origin: https://missav.ai
10:52:28.515 INFO : 加载URL: https://surrit.com/dea191a0-bfe6-4e6a-a145-618e0cad3841/720p/video.m3u8
10:52:29.651 INFO : 内容匹配: HTTP Live Streaming
10:52:29.651 INFO : 正在解析媒体信息...
10:52:29.657 WARN : 写出meta json
10:52:29.658 INFO : 已解析, 共计 1 条媒体流, 基本流 1 条, 可选音频流 0 条, 可选字幕流 0 条
10:52:29.658 INFO : Vid Kbps | 309 Segments | ~20m34s
10:52:29.659 INFO : 已选择的流:
10:52:29.659 INFO : Vid Kbps | 309 Segments | ~20m34s
10:52:29.659 WARN : 写出meta json
10:52:29.665 INFO : 保存文件名: CARIBBEANCOM-032526-001
10:52:29.666 INFO : 开始下载...Vid Kbps
10:52:30.159 WARN : 读取媒体信息...
10:52:30.364 INFO : [0x100]: Video, h264 (High) ([27][0][0][0]), 1280x720, 24 fps
10:52:30.365 INFO : [0x101]: Audio, aac (LC) ([15][0][0][0]), 4 kb/s
10:53:09.327 INFO : 调用ffmpeg合并中...
10:53:09.761 INFO : Done
