LOG 2026/03/26
Save Path: c:\Users\Administrator\video-manager\admin\backend\Logs
Task Start: 2026/03/26 10:42:10
Task CommandLine: c:\Users\Administrator\video-manager\admin\backend\N_m3u8DL-RE.exe https://surrit.com/dea191a0-bfe6-4e6a-a145-618e0cad3841/720p/video.m3u8 --save-dir E:\整理 --save-name CARIBBEANCOM-032526-001 --auto-select --del-after-done -H "User-Agent: Mozilla/5.0 (Windows NT 10.0; Win64; x64) AppleWebKit/537.36"

10:42:10.023 INFO : N_m3u8DL-RE (Beta version) 20251029
10:42:10.023 EXTRA: ffmpeg => E:\下载\ffmpeg-2025-10-21-git-535d4047d3-essentials_build\ffmpeg-2025-10-21-git-535d4047d3-essentials_build\bin\ffmpeg.exe
10:42:10.029 EXTRA: User-Defined Header => user-agent: Mozilla/5.0 (Windows NT 10.0; Win64; x64) AppleWebKit/537.36
10:42:10.029 INFO : 加载URL: https://surrit.com/dea191a0-bfe6-4e6a-a145-618e0cad3841/720p/video.m3u8
10:42:11.414 WARN : Response status code does not indicate success: 403 (Forbidden). (1/10)
10:42:12.927 INFO : 加载URL: https://surrit.com/dea191a0-bfe6-4e6a-a145-618e0cad3841/720p/video.m3u8
10:42:13.784 WARN : Response status code does not indicate success: 403 (Forbidden). (2/10)
10:42:15.297 INFO : 加载URL: https://surrit.com/dea191a0-bfe6-4e6a-a145-618e0cad3841/720p/video.m3u8
10:42:16.265 WARN : Response status code does not indicate success: 403 (Forbidden). (3/10)
10:42:17.773 INFO : 加载URL: https://surrit.com/dea191a0-bfe6-4e6a-a145-618e0cad3841/720p/video.m3u8
10:42:18.646 WARN : Response status code does not indicate success: 403 (Forbidden). (4/10)
10:42:20.153 INFO : 加载URL: https://surrit.com/dea191a0-bfe6-4e6a-a145-618e0cad3841/720p/video.m3u8
10:42:21.037 WARN : Response status code does not indicate success: 403 (Forbidden). (5/10)
10:42:22.544 INFO : 加载URL: https://surrit.com/dea191a0-bfe6-4e6a-a145-618e0cad3841/720p/video.m3u8
10:42:23.482 WARN : Response status code does not indicate success: 403 (Forbidden). (6/10)
10:42:24.996 INFO : 加载URL: https://surrit.com/dea191a0-bfe6-4e6a-a145-618e0cad3841/720p/video.m3u8
10:42:25.865 WARN : Response status code does not indicate success: 403 (Forbidden). (7/10)
10:42:27.375 INFO : 加载URL: https://surrit.com/dea191a0-bfe6-4e6a-a145-618e0cad3841/720p/video.m3u8
10:42:28.237 WARN : Response status code does not indicate success: 403 (Forbidden). (8/10)
10:42:29.750 INFO : 加载URL: https://surrit.com/dea191a0-bfe6-4e6a-a145-618e0cad3841/720p/video.m3u8
10:42:30.698 WARN : Response status code does not indicate success: 403 (Forbidden). (9/10)
10:42:32.204 INFO : 加载URL: https://surrit.com/dea191a0-bfe6-4e6a-a145-618e0cad3841/720p/video.m3u8
10:42:33.069 WARN : Response status code does not indicate success: 403 (Forbidden). (10/10)
