LOG 2026/03/26
Save Path: c:\Users\Administrator\video-manager\admin\backend\Logs
Task Start: 2026/03/26 10:40:12
Task CommandLine: c:\Users\Administrator\video-manager\admin\backend\N_m3u8DL-RE.exe https://surrit.com/dea191a0-bfe6-4e6a-a145-618e0cad3841/720p/video.m3u8 --save-dir E:\整理 --save-name CARIBBEANCOM-032526-001 --auto-select --del-after-done -H "User-Agent: Mozilla/5.0 (Windows NT 10.0; Win64; x64) AppleWebKit/537.36"

10:40:12.569 INFO : N_m3u8DL-RE (Beta version) 20251029
10:40:12.570 EXTRA: ffmpeg => E:\下载\ffmpeg-2025-10-21-git-535d4047d3-essentials_build\ffmpeg-2025-10-21-git-535d4047d3-essentials_build\bin\ffmpeg.exe
10:40:12.575 EXTRA: User-Defined Header => user-agent: Mozilla/5.0 (Windows NT 10.0; Win64; x64) AppleWebKit/537.36
10:40:12.576 INFO : 加载URL: https://surrit.com/dea191a0-bfe6-4e6a-a145-618e0cad3841/720p/video.m3u8
10:40:13.745 WARN : Response status code does not indicate success: 403 (Forbidden). (1/10)
10:40:15.247 INFO : 加载URL: https://surrit.com/dea191a0-bfe6-4e6a-a145-618e0cad3841/720p/video.m3u8
10:40:16.125 WARN : Response status code does not indicate success: 403 (Forbidden). (2/10)
10:40:17.635 INFO : 加载URL: https://surrit.com/dea191a0-bfe6-4e6a-a145-618e0cad3841/720p/video.m3u8
10:40:18.525 WARN : Response status code does not indicate success: 403 (Forbidden). (3/10)
10:40:20.035 INFO : 加载URL: https://surrit.com/dea191a0-bfe6-4e6a-a145-618e0cad3841/720p/video.m3u8
10:40:20.868 WARN : Response status code does not indicate success: 403 (Forbidden). (4/10)
10:40:22.381 INFO : 加载URL: https://surrit.com/dea191a0-bfe6-4e6a-a145-618e0cad3841/720p/video.m3u8
10:40:23.262 WARN : Response status code does not indicate success: 403 (Forbidden). (5/10)
10:40:24.766 INFO : 加载URL: https://surrit.com/dea191a0-bfe6-4e6a-a145-618e0cad3841/720p/video.m3u8
10:40:25.626 WARN : Response status code does not indicate success: 403 (Forbidden). (6/10)
10:40:27.133 INFO : 加载URL: https://surrit.com/dea191a0-bfe6-4e6a-a145-618e0cad3841/720p/video.m3u8
10:40:28.052 WARN : Response status code does not indicate success: 403 (Forbidden). (7/10)
10:40:29.567 INFO : 加载URL: https://surrit.com/dea191a0-bfe6-4e6a-a145-618e0cad3841/720p/video.m3u8
10:40:30.406 WARN : Response status code does not indicate success: 403 (Forbidden). (8/10)
10:40:31.910 INFO : 加载URL: https://surrit.com/dea191a0-bfe6-4e6a-a145-618e0cad3841/720p/video.m3u8
10:40:32.791 WARN : Response status code does not indicate success: 403 (Forbidden). (9/10)
10:40:34.298 INFO : 加载URL: https://surrit.com/dea191a0-bfe6-4e6a-a145-618e0cad3841/720p/video.m3u8
10:40:35.186 WARN : Response status code does not indicate success: 403 (Forbidden). (10/10)
