LOG 2026/03/26
Save Path: c:\Users\Administrator\video-manager\admin\backend\Logs
Task Start: 2026/03/26 11:02:46
Task CommandLine: c:\Users\Administrator\video-manager\admin\backend\N_m3u8DL-RE.exe https://surrit.com/430ceb16-7749-4f76-bea3-50c6e4d00cff/1280x720/video.m3u8 --save-dir E:\整理 --save-name CARIBBEANCOM-113022-001 --auto-select --del-after-done --no-ansi-color -H "User-Agent: Mozilla/5.0 (Windows NT 10.0; Win64; x64) AppleWebKit/537.36 (KHTML, like Gecko) Chrome/120.0.0.0 Safari/537.36" -H "Referer: https://missav.ai/" -H "Origin: https://missav.ai"

11:02:46.824 INFO : N_m3u8DL-RE (Beta version) 20251029
11:02:46.824 EXTRA: ffmpeg => E:\下载\ffmpeg-2025-10-21-git-535d4047d3-essentials_build\ffmpeg-2025-10-21-git-535d4047d3-essentials_build\bin\ffmpeg.exe
11:02:46.824 EXTRA: User-Defined Header => user-agent: Mozilla/5.0 (Windows NT 10.0; Win64; x64) AppleWebKit/537.36 (KHTML, like Gecko) Chrome/120.0.0.0 Safari/537.36
11:02:46.825 EXTRA: User-Defined Header => referer: https://missav.ai/
11:02:46.825 EXTRA: User-Defined Header => origin: https://missav.ai
11:02:46.825 INFO : 加载URL: https://surrit.com/430ceb16-7749-4f76-bea3-50c6e4d00cff/1280x720/video.m3u8
11:02:48.034 INFO : 内容匹配: HTTP Live Streaming
11:02:48.034 INFO : 正在解析媒体信息...
11:02:48.039 WARN : 写出meta json
11:02:48.040 INFO : 已解析, 共计 1 条媒体流, 基本流 1 条, 可选音频流 0 条, 可选字幕流 0 条
11:02:48.040 INFO : Vid Kbps | 234 Segments | ~15m34s
11:02:48.040 INFO : 已选择的流:
11:02:48.040 INFO : Vid Kbps | 234 Segments | ~15m34s
11:02:48.040 WARN : 写出meta json
11:02:48.047 INFO : 保存文件名: CARIBBEANCOM-113022-001
11:02:48.048 INFO : 开始下载...Vid Kbps
11:02:48.585 WARN : 读取媒体信息...
11:02:48.606 INFO : [0x100]: Video, h264 (Main) ([27][0][0][0]), 1280x720, 24 fps
11:02:48.606 INFO : [0x101]: Audio, aac (LC) ([15][0][0][0]), 4 kb/s
11:03:08.361 INFO : 调用ffmpeg合并中...
11:03:08.647 INFO : Done
